<?xml version="1.0" encoding="UTF-8" ?>
<testsuites>
<testsuite name="angularjs homepage" errors="0" tests="1" failures="0" time="0.878" timestamp="2015-01-04T23:36:11">
  <testcase classname="angularjs homepage" name="should have a title" time="0.878"></testcase>
</testsuite>
</testsuites>