<?xml version="1.0" encoding="UTF-8" ?>
<testsuites>
<testsuite name="angularjs homepage" errors="0" tests="1" failures="0" time="0.892" timestamp="2014-12-29T20:43:18">
  <testcase classname="angularjs homepage" name="should have a title" time="0.891"></testcase>
</testsuite>
</testsuites>