<?xml version="1.0" encoding="UTF-8" ?>
<testsuites>
<testsuite name="angularjs homepage" errors="0" tests="1" failures="0" time="0.778" timestamp="2015-01-03T14:57:27">
  <testcase classname="angularjs homepage" name="should have a title" time="0.777"></testcase>
</testsuite>
</testsuites>