<?xml version="1.0" encoding="UTF-8" ?>
<testsuites>
<testsuite name="angularjs homepage" errors="0" tests="1" failures="0" time="0.771" timestamp="2015-01-04T22:53:45">
  <testcase classname="angularjs homepage" name="should have a title" time="0.77"></testcase>
</testsuite>
</testsuites>